#
# There is insufficient memory for the Java Runtime Environment to continue.
# Native memory allocation (mmap) failed to map 536870912 bytes for G1 virtual space
# Possible reasons:
#   The system is out of physical RAM or swap space
#   The process is running with CompressedOops enabled, and the Java Heap may be blocking the growth of the native heap
# Possible solutions:
#   Reduce memory load on the system
#   Increase physical memory or swap space
#   Check if swap backing store is full
#   Decrease Java heap size (-Xmx/-Xms)
#   Decrease number of Java threads
#   Decrease Java thread stack sizes (-Xss)
#   Set larger code cache with -XX:ReservedCodeCacheSize=
#   JVM is running with Zero Based Compressed Oops mode in which the Java heap is
#     placed in the first 32GB address space. The Java Heap base address is the
#     maximum limit for the native heap growth. Please use -XX:HeapBaseMinAddress
#     to set the Java Heap base and to place the Java Heap above 32GB virtual address.
# This output file may be truncated or incomplete.
#
#  Out of Memory Error (os_windows.cpp:3747), pid=24216, tid=13112
#
# JRE version:  (17.0.3+7) (build )
# Java VM: OpenJDK 64-Bit Server VM (17.0.3+7-b469.32, mixed mode, sharing, tiered, compressed oops, compressed class ptrs, g1 gc, windows-amd64)
# No core dump will be written. Minidumps are not enabled by default on client versions of Windows
#

---------------  S U M M A R Y ------------

Command Line: git4idea.http.GitAskPassApp Username for 'https://github.com': 

Host: AMD Ryzen 7 3700X 8-Core Processor             , 16 cores, 31G,  Windows 10 , 64 bit Build 19041 (10.0.19041.1889)
Time: Fri Aug 26 08:58:04 2022 Central Daylight Time elapsed time: 0.011146 seconds (0d 0h 0m 0s)

---------------  T H R E A D  ---------------

Current thread (0x0000028e8686f850):  JavaThread "Unknown thread" [_thread_in_vm, id=13112, stack(0x000000de7cf00000,0x000000de7d000000)]

Stack: [0x000000de7cf00000,0x000000de7d000000]
Native frames: (J=compiled Java code, j=interpreted, Vv=VM code, C=native code)
V  [jvm.dll+0x681f8a]
V  [jvm.dll+0x83e374]
V  [jvm.dll+0x83fb1e]
V  [jvm.dll+0x840183]
V  [jvm.dll+0x2492a5]
V  [jvm.dll+0x67ee59]
V  [jvm.dll+0x67355a]
V  [jvm.dll+0x308fab]
V  [jvm.dll+0x310466]
V  [jvm.dll+0x3601de]
V  [jvm.dll+0x36040f]
V  [jvm.dll+0x2df098]
V  [jvm.dll+0x2e0004]
V  [jvm.dll+0x80fc61]
V  [jvm.dll+0x36df61]
V  [jvm.dll+0x7ef17c]
V  [jvm.dll+0x3f10ef]
V  [jvm.dll+0x3f2c31]
C  [jli.dll+0x526b]
C  [ucrtbase.dll+0x21bb2]
C  [KERNEL32.DLL+0x17034]
C  [ntdll.dll+0x52651]


---------------  P R O C E S S  ---------------

Threads class SMR info:
_java_thread_list=0x00007ffa5fb46f18, length=0, elements={
}

Java Threads: ( => current thread )

Other Threads:
  0x0000028e869202a0 GCTaskThread "GC Thread#0" [stack: 0x000000de7d000000,0x000000de7d100000] [id=10424]
  0x0000028e86931900 ConcurrentGCThread "G1 Main Marker" [stack: 0x000000de7d100000,0x000000de7d200000] [id=14632]
  0x0000028e86932320 ConcurrentGCThread "G1 Conc#0" [stack: 0x000000de7d200000,0x000000de7d300000] [id=29604]

[error occurred during error reporting (printing all threads), id 0xc0000005, EXCEPTION_ACCESS_VIOLATION (0xc0000005) at pc=0x00007ffa5f2ffc57]

VM state: not at safepoint (not fully initialized)

VM Mutex/Monitor currently owned by a thread:  ([mutex/lock_event])
[0x0000028e8686b650] Heap_lock - owner thread: 0x0000028e8686f850

Heap address: 0x0000000601000000, size: 8176 MB, Compressed Oops mode: Zero based, Oop shift amount: 3

CDS archive(s) mapped at: [0x0000000000000000-0x0000000000000000-0x0000000000000000), size 0, SharedBaseAddress: 0x0000000800000000, ArchiveRelocationMode: 0.
Narrow klass base: 0x0000000000000000, Narrow klass shift: 0, Narrow klass range: 0x0

GC Precious Log:
<Empty>

Heap:
 garbage-first heap   total 0K, used 0K [0x0000000601000000, 0x0000000800000000)
  region size 4096K, 0 young (0K), 0 survivors (0K)

[error occurred during error reporting (printing heap information), id 0xc0000005, EXCEPTION_ACCESS_VIOLATION (0xc0000005) at pc=0x00007ffa5f6ebbd9]

GC Heap History (0 events):
No events

Deoptimization events (0 events):
No events

Classes unloaded (0 events):
No events

Classes redefined (0 events):
No events

Internal exceptions (0 events):
No events

VM Operations (0 events):
No events

Events (1 events):
Event: 0.006 Loaded shared library C:\Program Files\JetBrains\IntelliJ IDEA Community Edition 2022.2\jbr\bin\java.dll


Dynamic libraries:
0x00007ff6ab680000 - 0x00007ff6ab68a000 	C:\Program Files\JetBrains\IntelliJ IDEA Community Edition 2022.2\jbr\bin\java.exe
0x00007ffac0f70000 - 0x00007ffac1168000 	C:\Windows\SYSTEM32\ntdll.dll
0x00007ffac0260000 - 0x00007ffac031d000 	C:\Windows\System32\KERNEL32.DLL
0x00007ffabe810000 - 0x00007ffabeade000 	C:\Windows\System32\KERNELBASE.dll
0x00007ffabeed0000 - 0x00007ffabefd0000 	C:\Windows\System32\ucrtbase.dll
0x00007ffab1b50000 - 0x00007ffab1b67000 	C:\Program Files\JetBrains\IntelliJ IDEA Community Edition 2022.2\jbr\bin\jli.dll
0x00007ffab6380000 - 0x00007ffab639b000 	C:\Program Files\JetBrains\IntelliJ IDEA Community Edition 2022.2\jbr\bin\VCRUNTIME140.dll
0x00007ffac09a0000 - 0x00007ffac0b40000 	C:\Windows\System32\USER32.dll
0x00007ffabeae0000 - 0x00007ffabeb02000 	C:\Windows\System32\win32u.dll
0x00007ffaaaa10000 - 0x00007ffaaacaa000 	C:\Windows\WinSxS\amd64_microsoft.windows.common-controls_6595b64144ccf1df_6.0.19041.1110_none_60b5254171f9507e\COMCTL32.dll
0x00007ffabfd40000 - 0x00007ffabfd6a000 	C:\Windows\System32\GDI32.dll
0x00007ffac0b40000 - 0x00007ffac0bde000 	C:\Windows\System32\msvcrt.dll
0x00007ffabeba0000 - 0x00007ffabecab000 	C:\Windows\System32\gdi32full.dll
0x00007ffabe690000 - 0x00007ffabe72d000 	C:\Windows\System32\msvcp_win.dll
0x00007ffac0d00000 - 0x00007ffac0d30000 	C:\Windows\System32\IMM32.DLL
0x00007ffab1b40000 - 0x00007ffab1b4c000 	C:\Program Files\JetBrains\IntelliJ IDEA Community Edition 2022.2\jbr\bin\vcruntime140_1.dll
0x00007ffa8e790000 - 0x00007ffa8e81d000 	C:\Program Files\JetBrains\IntelliJ IDEA Community Edition 2022.2\jbr\bin\msvcp140.dll
0x00007ffa5f010000 - 0x00007ffa5fc78000 	C:\Program Files\JetBrains\IntelliJ IDEA Community Edition 2022.2\jbr\bin\server\jvm.dll
0x00007ffac0000000 - 0x00007ffac00ae000 	C:\Windows\System32\ADVAPI32.dll
0x00007ffac0de0000 - 0x00007ffac0e7c000 	C:\Windows\System32\sechost.dll
0x00007ffac00b0000 - 0x00007ffac01d5000 	C:\Windows\System32\RPCRT4.dll
0x00007ffabfab0000 - 0x00007ffabfab8000 	C:\Windows\System32\PSAPI.DLL
0x00007ffab6a10000 - 0x00007ffab6a1a000 	C:\Windows\SYSTEM32\VERSION.dll
0x00007ffab3220000 - 0x00007ffab3247000 	C:\Windows\SYSTEM32\WINMM.dll
0x00007ffab5da0000 - 0x00007ffab5da9000 	C:\Windows\SYSTEM32\WSOCK32.dll
0x00007ffac01f0000 - 0x00007ffac025b000 	C:\Windows\System32\WS2_32.dll
0x00007ffabc5b0000 - 0x00007ffabc5c2000 	C:\Windows\SYSTEM32\kernel.appcore.dll
0x00007ffabbcf0000 - 0x00007ffabbcfa000 	C:\Program Files\JetBrains\IntelliJ IDEA Community Edition 2022.2\jbr\bin\jimage.dll
0x00007ffaaba10000 - 0x00007ffaabbf4000 	C:\Windows\SYSTEM32\DBGHELP.DLL
0x00007ffaaa7c0000 - 0x00007ffaaa7ec000 	C:\Windows\SYSTEM32\dbgcore.DLL
0x00007ffabeb10000 - 0x00007ffabeb92000 	C:\Windows\System32\bcryptPrimitives.dll
0x00007ffab87a0000 - 0x00007ffab87c5000 	C:\Program Files\JetBrains\IntelliJ IDEA Community Edition 2022.2\jbr\bin\java.dll

dbghelp: loaded successfully - version: 4.0.5 - missing functions: none
symbol engine: initialized successfully - sym options: 0x614 - pdb path: .;C:\Program Files\JetBrains\IntelliJ IDEA Community Edition 2022.2\jbr\bin;C:\Windows\SYSTEM32;C:\Windows\WinSxS\amd64_microsoft.windows.common-controls_6595b64144ccf1df_6.0.19041.1110_none_60b5254171f9507e;C:\Program Files\JetBrains\IntelliJ IDEA Community Edition 2022.2\jbr\bin\server

VM Arguments:
java_command: git4idea.http.GitAskPassApp Username for 'https://github.com': 
java_class_path (initial): C:/Program Files/JetBrains/IntelliJ IDEA Community Edition 2022.2/plugins/git4idea/lib/git4idea-rt.jar;C:/Program Files/JetBrains/IntelliJ IDEA Community Edition 2022.2/lib/externalProcess-rt.jar;C:/Program Files/JetBrains/IntelliJ IDEA Community Edition 2022.2/lib/app.jar;C:/Program Files/JetBrains/IntelliJ IDEA Community Edition 2022.2/lib/3rd-party-rt.jar
Launcher Type: SUN_STANDARD

[Global flags]
     intx CICompilerCount                          = 12                                        {product} {ergonomic}
     uint ConcGCThreads                            = 3                                         {product} {ergonomic}
     uint G1ConcRefinementThreads                  = 13                                        {product} {ergonomic}
   size_t G1HeapRegionSize                         = 4194304                                   {product} {ergonomic}
    uintx GCDrainStackTargetSize                   = 64                                        {product} {ergonomic}
   size_t InitialHeapSize                          = 536870912                                 {product} {ergonomic}
   size_t MarkStackSize                            = 4194304                                   {product} {ergonomic}
   size_t MaxHeapSize                              = 8573157376                                {product} {ergonomic}
   size_t MinHeapDeltaBytes                        = 4194304                                   {product} {ergonomic}
   size_t MinHeapSize                              = 8388608                                   {product} {ergonomic}
    uintx NonNMethodCodeHeapSize                   = 7602480                                {pd product} {ergonomic}
    uintx NonProfiledCodeHeapSize                  = 122027880                              {pd product} {ergonomic}
    uintx ProfiledCodeHeapSize                     = 122027880                              {pd product} {ergonomic}
    uintx ReservedCodeCacheSize                    = 251658240                              {pd product} {ergonomic}
     bool SegmentedCodeCache                       = true                                      {product} {ergonomic}
   size_t SoftMaxHeapSize                          = 8573157376                             {manageable} {ergonomic}
     bool UseCompressedClassPointers               = true                           {product lp64_product} {ergonomic}
     bool UseCompressedOops                        = true                           {product lp64_product} {ergonomic}
     bool UseG1GC                                  = true                                      {product} {ergonomic}
     bool UseLargePagesIndividualAllocation        = false                                  {pd product} {ergonomic}

Logging:
Log output configuration:
 #0: stdout all=warning uptime,level,tags
 #1: stderr all=off uptime,level,tags

Environment Variables:
PATH=C:\Program Files\Git\mingw64\libexec\git-core;C:\Program Files\Git\mingw64\libexec\git-core;C:\Program Files\Git\mingw64\bin;C:\Program Files\Git\usr\bin;C:\Users\Carson\bin;C:\Program Files\Common Files\Oracle\Java\javapath;C:\Program Files (x86)\Common Files\Oracle\Java\javapath;C:\Program Files (x86)\Razer Chroma SDK\bin;C:\Program Files\Razer Chroma SDK\bin;C:\Program Files (x86)\Razer\ChromaBroadcast\bin;C:\Program Files\Razer\ChromaBroadcast\bin;C:\Windows\system32;C:\Windows;C:\Windows\System32\Wbem;C:\Windows\System32\WindowsPowerShell\v1.0;C:\Windows\System32\OpenSSH;C:\Program Files (x86)\NVIDIA Corporation\PhysX\Common;C:\HashiCorp\Vagrant\bin;C:\Windows\system32\config\systemprofile\AppData\Local\Microsoft\WindowsApps;C:\Program Files\Git\cmd;C:\Program Files\nodejs;C:\Program Files\Amazon\AWSCLIV2;C:\Program Files\NVIDIA Corporation\NVIDIA NvDLISR;C:\Users\Carson\AppData\Local\Programs\Python\Python38\Scripts;C:\Users\Carson\AppData\Local\Programs\Python\Python38;C:\Users\Carson\AppData\Local\Microsoft\WindowsApps;C:\Users\Carson\AppData\Local\GitHubDesktop\bin;C:\Program Files (x86)\Nmap;C:\Python39;C:\Users\Carson\AppData\Roaming\npm;C:\Users\Carson\AppData\Local\Programs\Microsoft VS Code\bin;C:\Program Files\heroku\bin;C:\Program Files\JetBrains\IntelliJ IDEA Community Edition 2022.2\bin
USERNAME=Carson
DISPLAY=:0.0
LC_ALL=en_US.UTF-8
OS=Windows_NT
PROCESSOR_IDENTIFIER=AMD64 Family 23 Model 113 Stepping 0, AuthenticAMD



---------------  S Y S T E M  ---------------

OS:
 Windows 10 , 64 bit Build 19041 (10.0.19041.1889)
OS uptime: 3 days 9:29 hours

CPU: total 16 (initial active 16) (16 cores per cpu, 2 threads per core) family 23 model 113 stepping 0 microcode 0x0, cx8, cmov, fxsr, ht, mmx, 3dnowpref, sse, sse2, sse3, ssse3, sse4a, sse4.1, sse4.2, popcnt, lzcnt, tsc, tscinvbit, avx, avx2, aes, clmul, bmi1, bmi2, adx, sha, fma, vzeroupper, clflush, clflushopt

Memory: 4k page, system-wide physical 32694M (125M free)
TotalPageFile size 130998M (AvailPageFile size 61M)
current process WorkingSet (physical memory assigned to process): 10M, peak: 10M
current process commit charge ("private bytes"): 70M, peak: 582M

vm_info: OpenJDK 64-Bit Server VM (17.0.3+7-b469.32) for windows-amd64 JRE (17.0.3+7-b469.32), built on 2022-07-19 by "builduser" with MS VC++ 16.10 / 16.11 (VS2019)

END.
